x:\alkali\toronto\int\stdafx.obj
x:\alkali\toronto\int\main.obj
x:\alkali\toronto\int\vc143.pdb
c:\users\ss7442\source\repos\alkali-indev\toronto\int\main.obj
c:\users\ss7442\source\repos\alkali-indev\toronto\int\stdafx.obj
c:\users\ss7442\source\repos\alkali-indev\toronto\int\vc142.pdb
c:\users\ss7442\source\repos\alkali-indev\toronto\int\vc143.idb
c:\users\ss7442\source\repos\alkali-indev\toronto\int\toronto.tlog\cl.command.1.tlog
c:\users\ss7442\source\repos\alkali-indev\toronto\int\toronto.tlog\cl.items.tlog
c:\users\ss7442\source\repos\alkali-indev\toronto\int\toronto.tlog\cl.read.1.tlog
c:\users\ss7442\source\repos\alkali-indev\toronto\int\toronto.tlog\cl.write.1.tlog
c:\users\ss7442\source\repos\alkali-indev\toronto\int\toronto.tlog\link-cvtres.read.1.tlog
c:\users\ss7442\source\repos\alkali-indev\toronto\int\toronto.tlog\link-cvtres.write.1.tlog
c:\users\ss7442\source\repos\alkali-indev\toronto\int\toronto.tlog\link-rc.read.1.tlog
c:\users\ss7442\source\repos\alkali-indev\toronto\int\toronto.tlog\link-rc.write.1.tlog
c:\users\ss7442\source\repos\alkali-indev\toronto\int\toronto.tlog\link.command.1.tlog
c:\users\ss7442\source\repos\alkali-indev\toronto\int\toronto.tlog\link.read.1.tlog
c:\users\ss7442\source\repos\alkali-indev\toronto\int\toronto.tlog\link.read.2.tlog
c:\users\ss7442\source\repos\alkali-indev\toronto\int\toronto.tlog\link.secondary.1.tlog
c:\users\ss7442\source\repos\alkali-indev\toronto\int\toronto.tlog\link.write.1.tlog
c:\users\ss7442\source\repos\alkali-indev\toronto\int\toronto.tlog\..\..\redist\toronto.pdb
